[debug] [2019-02-01T03:21:43.398Z] ----------------------------------------------------------------------
[debug] [2019-02-01T03:21:43.402Z] Command:       /usr/local/bin/node /Users/Melanie/npm-global/bin/firebase serve
[debug] [2019-02-01T03:21:43.403Z] CLI Version:   6.3.0
[debug] [2019-02-01T03:21:43.403Z] Platform:      darwin
[debug] [2019-02-01T03:21:43.403Z] Node Version:  v10.10.0
[debug] [2019-02-01T03:21:43.404Z] Time:          Thu Jan 31 2019 22:21:43 GMT-0500 (Eastern Standard Time)
[debug] [2019-02-01T03:21:43.404Z] ----------------------------------------------------------------------
[debug] 
[debug] [2019-02-01T03:21:43.417Z] > command requires scopes: ["email","openid","https://www.googleapis.com/auth/cloudplatformprojects.readonly","https://www.googleapis.com/auth/firebase","https://www.googleapis.com/auth/cloud-platform"]
[debug] [2019-02-01T03:21:43.417Z] > authorizing via signed-in user
[debug] [2019-02-01T03:21:43.417Z] [iam] checking project recipeasy-f2234 for permissions ["firebase.projects.get"]
[debug] [2019-02-01T03:21:43.420Z] >>> HTTP REQUEST POST https://cloudresourcemanager.googleapis.com/v1/projects/recipeasy-f2234:testIamPermissions  

[debug] [2019-02-01T03:21:43.728Z] <<< HTTP RESPONSE 200
[debug] [2019-02-01T03:21:43.731Z] >>> HTTP REQUEST GET https://cloudresourcemanager.googleapis.com/v1/projects/recipeasy-f2234  
 
[debug] [2019-02-01T03:21:43.993Z] <<< HTTP RESPONSE 200
[info] 
[info] === Serving from '/Users/Melanie/Dev/recipeasy'...
[info] 
[info] i  functions: Preparing to emulate functions.
[debug] [2019-02-01T03:21:44.709Z] Fetching environment
[debug] [2019-02-01T03:21:44.713Z] >>> HTTP REQUEST GET https://mobilesdk-pa.googleapis.com/v1/projects/340102657721:getServerAppConfig  
 
[debug] [2019-02-01T03:21:44.941Z] <<< HTTP RESPONSE 200
[debug] [2019-02-01T03:21:44.942Z] Starting @google-cloud/functions-emulator
[debug] [2019-02-01T03:21:46.499Z] Parsing function triggers
[info] ✔  functions: getRecipes: http://localhost:5000/recipeasy-f2234/us-central1/getRecipes
[info] ✔  functions: ingredientLookUp: http://localhost:5000/recipeasy-f2234/us-central1/ingredientLookUp
[info] ✔  functions: detectTexts: http://localhost:5000/recipeasy-f2234/us-central1/detectTexts
[info] ✔  functions: detectLabel: http://localhost:5000/recipeasy-f2234/us-central1/detectLabel
